imports complete
loaded maps
<KeysViewHDF5 ['flux', 'phi', 'polarized flux', 'theta']>
read catalog
zeroed out point sources
saved mask_not_apodized.png
apodized mask
saved apodized_mask.png
done 1mJy flux cut
saved fig masked_spectrum_diff_fluxcuts.png
W:  [ 9.42925591e-08 -1.56180387e-09 -3.67852219e-08 ...  2.99833522e-18
 -2.60534137e-18  2.40142572e-18]
M:  [7.24062240e-02 2.84081166e-08 4.52224536e-05 ... 1.60556021e-08
 1.54574813e-08 1.60534092e-08]
C:  [1.22794509e-13 1.21290137e-10 7.18445352e-11 ... 6.76701077e-24
 1.43517815e-24 1.75606894e-23]
saved fig isw_corr_mask.png
[0.44388809 0.93155411 1.0004516  ... 1.16817635 1.34566434 1.72299905]
masked_map_cl:  [2.61812639e-15 6.52073018e-13 4.14242885e-13 ... 1.46074219e-18
 1.42618982e-18 1.33450927e-18]
master_cl:  [5.89816764e-15 6.99984051e-13 4.14055898e-13 ... 1.25044664e-18
 1.05984069e-18 7.74526990e-19]
comp_cl:  [1.22794509e-13 1.21290137e-10 7.18445352e-11 ... 6.76701077e-24
 1.43517815e-24 1.75606894e-23]
term1:  [2.03183132e-15 6.99981620e-13 4.14454589e-13 ... 1.25044657e-18
 1.05984064e-18 7.74526947e-19]
term2:  [ 1.24821175e-15  2.43087274e-18 -3.98690821e-16 ...  7.07994824e-26
  4.26451943e-26  4.27552694e-26]
term3:  [2.61812457e-15 0.00000000e+00 1.87520219e-38 ... 1.13268966e-47
 0.00000000e+00 6.40178546e-48]
saved fig ratios.png
saved fig component_mask_corr_coeff.png
corr component map and mask:  [ 1.         -0.84138067 -0.64535614 ...  0.00909638 -0.01749212
  0.00452288]
saved fig tsz_mask_corr_coeff.png
corr tsz map and mask:  [ 1.         -0.77204328 -0.44571005 ... -0.12284379 -0.10704082
 -0.10297305]
