imports complete
loaded maps
<KeysViewHDF5 ['flux', 'phi', 'polarized flux', 'theta']>
read catalog
zeroed out point sources
saved mask_not_apodized.png
apodized mask
saved apodized_mask.png
done 1mJy flux cut
saved fig masked_spectrum_diff_fluxcuts.png
W:  [ 3.41169329e-07 -5.73744361e-10 -1.29294382e-08 ... -1.56399364e-18
 -7.37058708e-18 -5.36062505e-17]
M:  [9.47896714e-01 4.70727015e-07 4.07785194e-06 ... 2.07081210e-07
 2.02094549e-07 2.03715543e-07]
C:  [1.22794509e-13 1.21290137e-10 7.18445352e-11 ... 6.76701077e-24
 1.43517815e-24 1.75606894e-23]
saved fig isw_corr_mask.png
[0.00387317 0.9932759  0.99937365 ... 1.15496049 1.31454224 1.89510898]
masked_map_cl:  [7.29434247e-17 9.08767799e-12 5.41535188e-12 ... 1.82981950e-17
 1.76206153e-17 1.88175348e-17]
master_cl:  [1.88329891e-14 9.14919808e-12 5.41874591e-12 ... 1.58431350e-17
 1.34043736e-17 9.92952649e-18]
comp_cl:  [1.22794509e-13 1.21290137e-10 7.18445352e-11 ... 6.76701077e-24
 1.43517815e-24 1.75606894e-23]
term1:  [9.42030801e-15 9.14920198e-12 5.41941667e-12 ... 1.58431344e-17
 1.34043736e-17 9.92952882e-18]
term2:  [ 9.33973691e-15 -3.89245831e-18 -6.70757868e-16 ...  5.27191685e-25
  7.14701712e-26 -2.33826468e-24]
term3:  [7.29441402e-17 0.00000000e+00 9.59357042e-35 ... 8.41434985e-47
 0.00000000e+00 8.25205330e-47]
saved fig component_mask_corr_coeff.png
corr component map and mask:  [ 1.         -0.07593135 -0.75538274 ... -0.00132119 -0.01368585
 -0.02834214]
saved fig tsz_mask_corr_coeff.png
corr tsz map and mask:  [ 1.         -0.59721255 -0.45351489 ... -0.12005235 -0.08253429
 -0.05786562]
